{"/home/martoso/Git/mining-utils/dist/index.js":{"path":"/home/martoso/Git/mining-utils/dist/index.js","s":{"1":1,"2":4,"3":13,"4":1},"b":{"1":[13,13]},"f":{"1":4},"fnMap":{"1":{"name":"__export","line":1,"loc":{"start":{"line":1,"column":13},"end":{"line":1,"column":33}}}},"statementMap":{"1":{"start":{"line":1,"column":13},"end":{"line":1,"column":94}},"2":{"start":{"line":1,"column":34},"end":{"line":1,"column":93}},"3":{"start":{"line":1,"column":49},"end":{"line":1,"column":93}},"4":{"start":{"line":1,"column":94},"end":{"line":1,"column":316}}},"branchMap":{"1":{"line":1,"type":"binary-expr","locations":[{"start":{"line":1,"column":49},"end":{"line":1,"column":74}},{"start":{"line":1,"column":77},"end":{"line":1,"column":92}}]}}},"/home/martoso/Git/mining-utils/dist/core/cleanTweets.js":{"path":"/home/martoso/Git/mining-utils/dist/core/cleanTweets.js","s":{"1":1,"2":1,"3":0,"4":0,"5":1,"6":1,"7":0,"8":0,"9":1,"10":1,"11":0,"12":0,"13":1,"14":1,"15":0,"16":0,"17":1,"18":1,"19":0,"20":0,"21":1},"b":{},"f":{},"fnMap":{},"statementMap":{"1":{"start":{"line":1,"column":13},"end":{"line":1,"column":68}},"2":{"start":{"line":1,"column":68},"end":{"line":1,"column":240}},"3":{"start":{"line":1,"column":177},"end":{"line":1,"column":216}},"4":{"start":{"line":1,"column":216},"end":{"line":1,"column":238}},"5":{"start":{"line":1,"column":240},"end":{"line":1,"column":266}},"6":{"start":{"line":1,"column":266},"end":{"line":1,"column":353}},"7":{"start":{"line":1,"column":290},"end":{"line":1,"column":329}},"8":{"start":{"line":1,"column":329},"end":{"line":1,"column":351}},"9":{"start":{"line":1,"column":353},"end":{"line":1,"column":389}},"10":{"start":{"line":1,"column":389},"end":{"line":1,"column":471}},"11":{"start":{"line":1,"column":409},"end":{"line":1,"column":447}},"12":{"start":{"line":1,"column":447},"end":{"line":1,"column":469}},"13":{"start":{"line":1,"column":471},"end":{"line":1,"column":499}},"14":{"start":{"line":1,"column":499},"end":{"line":1,"column":577}},"15":{"start":{"line":1,"column":522},"end":{"line":1,"column":553}},"16":{"start":{"line":1,"column":553},"end":{"line":1,"column":575}},"17":{"start":{"line":1,"column":577},"end":{"line":1,"column":611}},"18":{"start":{"line":1,"column":611},"end":{"line":1,"column":829}},"19":{"start":{"line":1,"column":633},"end":{"line":1,"column":639}},"20":{"start":{"line":1,"column":639},"end":{"line":1,"column":827}},"21":{"start":{"line":1,"column":829},"end":{"line":1,"column":861}}},"branchMap":{}},"/home/martoso/Git/mining-utils/dist/core/removeLinks.js":{"path":"/home/martoso/Git/mining-utils/dist/core/removeLinks.js","s":{"1":1,"2":1,"3":0,"4":0,"5":0,"6":0,"7":1,"8":1,"9":0,"10":0,"11":0,"12":0,"13":0,"14":0,"15":1},"b":{"1":[0,0],"2":[0,0]},"f":{},"fnMap":{},"statementMap":{"1":{"start":{"line":1,"column":13},"end":{"line":1,"column":68}},"2":{"start":{"line":1,"column":68},"end":{"line":1,"column":316}},"3":{"start":{"line":1,"column":94},"end":{"line":1,"column":314}},"4":{"start":{"line":1,"column":98},"end":{"line":1,"column":180}},"5":{"start":{"line":1,"column":180},"end":{"line":1,"column":202}},"6":{"start":{"line":1,"column":212},"end":{"line":1,"column":313}},"7":{"start":{"line":1,"column":316},"end":{"line":1,"column":348}},"8":{"start":{"line":1,"column":348},"end":{"line":1,"column":654}},"9":{"start":{"line":1,"column":379},"end":{"line":1,"column":652}},"10":{"start":{"line":1,"column":383},"end":{"line":1,"column":470}},"11":{"start":{"line":1,"column":470},"end":{"line":1,"column":514}},"12":{"start":{"line":1,"column":487},"end":{"line":1,"column":514}},"13":{"start":{"line":1,"column":514},"end":{"line":1,"column":522}},"14":{"start":{"line":1,"column":532},"end":{"line":1,"column":651}},"15":{"start":{"line":1,"column":654},"end":{"line":1,"column":696}}},"branchMap":{"1":{"line":1,"type":"cond-expr","locations":[{"start":{"line":1,"column":108},"end":{"line":1,"column":142}},{"start":{"line":1,"column":143},"end":{"line":1,"column":179}}]},"2":{"line":1,"type":"cond-expr","locations":[{"start":{"line":1,"column":393},"end":{"line":1,"column":427}},{"start":{"line":1,"column":428},"end":{"line":1,"column":464}}]}}},"/home/martoso/Git/mining-utils/dist/core/removePunctuation.js":{"path":"/home/martoso/Git/mining-utils/dist/core/removePunctuation.js","s":{"1":1,"2":1,"3":0,"4":0,"5":1,"6":1,"7":0,"8":1,"9":1,"10":0,"11":0,"12":0,"13":0,"14":1,"15":1,"16":0,"17":0,"18":0,"19":0,"20":1},"b":{},"f":{},"fnMap":{},"statementMap":{"1":{"start":{"line":1,"column":13},"end":{"line":1,"column":68}},"2":{"start":{"line":1,"column":68},"end":{"line":1,"column":339}},"3":{"start":{"line":1,"column":246},"end":{"line":1,"column":290}},"4":{"start":{"line":1,"column":290},"end":{"line":1,"column":337}},"5":{"start":{"line":1,"column":339},"end":{"line":1,"column":383}},"6":{"start":{"line":1,"column":383},"end":{"line":1,"column":433}},"7":{"start":{"line":1,"column":409},"end":{"line":1,"column":432}},"8":{"start":{"line":1,"column":433},"end":{"line":1,"column":475}},"9":{"start":{"line":1,"column":475},"end":{"line":1,"column":633}},"10":{"start":{"line":1,"column":508},"end":{"line":1,"column":557}},"11":{"start":{"line":1,"column":557},"end":{"line":1,"column":623}},"12":{"start":{"line":1,"column":574},"end":{"line":1,"column":623}},"13":{"start":{"line":1,"column":623},"end":{"line":1,"column":631}},"14":{"start":{"line":1,"column":633},"end":{"line":1,"column":687}},"15":{"start":{"line":1,"column":687},"end":{"line":1,"column":792}},"16":{"start":{"line":1,"column":719},"end":{"line":1,"column":730}},"17":{"start":{"line":1,"column":730},"end":{"line":1,"column":782}},"18":{"start":{"line":1,"column":747},"end":{"line":1,"column":782}},"19":{"start":{"line":1,"column":782},"end":{"line":1,"column":790}},"20":{"start":{"line":1,"column":792},"end":{"line":1,"column":844}}},"branchMap":{}},"/home/martoso/Git/mining-utils/dist/core/removeAccent.js":{"path":"/home/martoso/Git/mining-utils/dist/core/removeAccent.js","s":{"1":1,"2":1,"3":0,"4":0,"5":0,"6":0,"7":0,"8":0,"9":1,"10":1,"11":0,"12":0,"13":0,"14":0,"15":0,"16":0,"17":0,"18":0,"19":0,"20":1},"b":{"1":[0,0],"2":[0,0]},"f":{},"fnMap":{},"statementMap":{"1":{"start":{"line":1,"column":13},"end":{"line":1,"column":68}},"2":{"start":{"line":1,"column":68},"end":{"line":1,"column":586}},"3":{"start":{"line":1,"column":358},"end":{"line":1,"column":584}},"4":{"start":{"line":1,"column":362},"end":{"line":1,"column":373}},"5":{"start":{"line":1,"column":373},"end":{"line":1,"column":469}},"6":{"start":{"line":1,"column":413},"end":{"line":1,"column":430}},"7":{"start":{"line":1,"column":461},"end":{"line":1,"column":468}},"8":{"start":{"line":1,"column":479},"end":{"line":1,"column":583}},"9":{"start":{"line":1,"column":586},"end":{"line":1,"column":622}},"10":{"start":{"line":1,"column":622},"end":{"line":1,"column":929}},"11":{"start":{"line":1,"column":651},"end":{"line":1,"column":927}},"12":{"start":{"line":1,"column":655},"end":{"line":1,"column":671}},"13":{"start":{"line":1,"column":671},"end":{"line":1,"column":723}},"14":{"start":{"line":1,"column":704},"end":{"line":1,"column":721}},"15":{"start":{"line":1,"column":723},"end":{"line":1,"column":789}},"16":{"start":{"line":1,"column":740},"end":{"line":1,"column":789}},"17":{"start":{"line":1,"column":779},"end":{"line":1,"column":786}},"18":{"start":{"line":1,"column":789},"end":{"line":1,"column":797}},"19":{"start":{"line":1,"column":807},"end":{"line":1,"column":926}},"20":{"start":{"line":1,"column":929},"end":{"line":1,"column":975}}},"branchMap":{"1":{"line":1,"type":"binary-expr","locations":[{"start":{"line":1,"column":461},"end":{"line":1,"column":465}},{"start":{"line":1,"column":467},"end":{"line":1,"column":468}}]},"2":{"line":1,"type":"binary-expr","locations":[{"start":{"line":1,"column":779},"end":{"line":1,"column":783}},{"start":{"line":1,"column":785},"end":{"line":1,"column":786}}]}}}}