TN:
SF:/home/martoso/Git/mining-utils/dist/index.js
FN:1,__export
FNF:1
FNH:1
FNDA:4,__export
DA:1,13
LF:1
LH:1
BRDA:1,1,0,13
BRDA:1,1,1,13
BRF:2
BRH:2
end_of_record
TN:
SF:/home/martoso/Git/mining-utils/dist/core/cleanTweets.js
FNF:0
FNH:0
DA:1,1
LF:1
LH:1
BRF:0
BRH:0
end_of_record
TN:
SF:/home/martoso/Git/mining-utils/dist/core/removeLinks.js
FNF:0
FNH:0
DA:1,1
LF:1
LH:1
BRDA:1,1,0,0
BRDA:1,1,1,0
BRDA:1,2,0,0
BRDA:1,2,1,0
BRF:4
BRH:0
end_of_record
TN:
SF:/home/martoso/Git/mining-utils/dist/core/removePunctuation.js
FNF:0
FNH:0
DA:1,1
LF:1
LH:1
BRF:0
BRH:0
end_of_record
TN:
SF:/home/martoso/Git/mining-utils/dist/core/removeAccent.js
FNF:0
FNH:0
DA:1,1
LF:1
LH:1
BRDA:1,1,0,0
BRDA:1,1,1,0
BRDA:1,2,0,0
BRDA:1,2,1,0
BRF:4
BRH:0
end_of_record
